<?xml version="1.0" encoding="UTF-8"?>
<Site BuildName="(empty)"
	BuildStamp="20260728-0923-Experimental"
	Name="(empty)"
	Generator="ctest-4.4.0"
	CompilerName=""
	CompilerVersion=""
	OSName="Windows"
	Hostname="LAPTOP-77JCFOC4"
	OSRelease="10.0.18363"
	OSVersion="Windows 10"
	OSPlatform="AMD64"
	Is64Bits="1"
	VendorString="AuthenticAMD"
	VendorID="Advanced Micro Devices"
	FamilyID="15"
	ModelID="0"
	ModelName="AMD A9-9410 RADEON R5, 5 COMPUTE CORES 2C+3G"
	ProcessorCacheSize="128"
	NumberOfLogicalCPU="2"
	NumberOfPhysicalCPU="2"
	TotalVirtualMemory="1216"
	TotalPhysicalMemory="7629"
	LogicalProcessorsPerPhysical="1"
	ProcessorClockFrequency="2900.000000"
	>
	<Testing>
		<StartDateTime>Jul 28 21:30 New Zealand Standard Time</StartDateTime>
		<StartTestTime>1785231015</StartTestTime>
		<TestList/>
		<EndDateTime>Jul 28 21:30 New Zealand Standard Time</EndDateTime>
		<EndTestTime>1785231016</EndTestTime>
		<ElapsedMinutes>0</ElapsedMinutes>
	</Testing>
</Site>
